2024.05.30 11:22:31 INFO  Started: Metals version 1.3.1 in folders '/home/pipou/Documents/Code/Alternance/graphCala' for client Visual Studio Code 1.89.1.
SLF4J(W): Class path contains multiple SLF4J providers.
SLF4J(W): Found provider [scribe.slf4j.ScribeServiceProvider@948dd5b]
SLF4J(W): Found provider [ch.qos.logback.classic.spi.LogbackServiceProvider@3fcaf549]
SLF4J(W): See https://www.slf4j.org/codes.html#multiple_bindings for an explanation.
SLF4J(I): Actual provider is of type [scribe.slf4j.ScribeServiceProvider@948dd5b]
2024.05.30 11:22:31 WARN  Flyway upgrade recommended: H2 2.2.224 is newer than this version of Flyway and support has not been tested. The latest supported version of H2 is 2.2.220.
2024.05.30 11:22:32 WARN  Unsupported sbt version 0.13.16
2024.05.30 11:22:32 WARN  Build server is not auto-connectable.
2024.05.30 11:22:32 INFO  no build target found for /home/pipou/Documents/Code/Alternance/graphCala/project1/src/main/scala/com/howtographql/scala/sangria/Server.scala. Using presentation compiler with project's scala-library version: 3.3.3
2024.05.30 11:22:32 INFO  no build target found for /home/pipou/Documents/Code/Alternance/graphCala/project1/src/main/scala/com/howtographql/scala/sangria/Server.scala. Using presentation compiler with project's scala-library version: 3.3.3
2024.05.30 11:23:42 INFO  time: code lens generation in 1m10s
2024.05.30 19:54:49 INFO  Shutting down server
2024.05.30 19:54:49 INFO  shutting down Metals
2024.05.30 19:54:49 INFO  Exiting server
2024.05.31 13:48:37 INFO  Started: Metals version 1.3.1 in folders '/home/pipou/Documents/Code/Alternance/graphCala' for client Visual Studio Code 1.89.1.
SLF4J(W): Class path contains multiple SLF4J providers.
SLF4J(W): Found provider [scribe.slf4j.ScribeServiceProvider@4399a979]
SLF4J(W): Found provider [ch.qos.logback.classic.spi.LogbackServiceProvider@7391e129]
SLF4J(W): See https://www.slf4j.org/codes.html#multiple_bindings for an explanation.
SLF4J(I): Actual provider is of type [scribe.slf4j.ScribeServiceProvider@4399a979]
2024.05.31 13:48:37 WARN  Flyway upgrade recommended: H2 2.2.224 is newer than this version of Flyway and support has not been tested. The latest supported version of H2 is 2.2.220.
2024.05.31 13:48:38 WARN  Unsupported sbt version 0.13.16
2024.05.31 13:48:38 WARN  Build server is not auto-connectable.
2024.05.31 13:48:38 INFO  no build target found for /home/pipou/Documents/Code/Alternance/graphCala/project1/src/main/scala/com/howtographql/scala/sangria/Server.scala. Using presentation compiler with project's scala-library version: 3.3.3
May 31, 2024 1:48:38 PM org.eclipse.lsp4j.jsonrpc.RemoteEndpoint handleCancellation
WARNING: Unmatched cancel notification for request id 2
May 31, 2024 1:48:38 PM org.eclipse.lsp4j.jsonrpc.RemoteEndpoint handleCancellation
WARNING: Unmatched cancel notification for request id 3
